<?xml version="1.0" encoding="UTF-8"?>
<!-- Generated by org.testng.reporters.JUnitReportReporter -->
<testsuite hostname="DESKTOP-4MKSC1R" failures="0" tests="6" name="api.test.DDTests" time="7.970" errors="0" timestamp="2024-08-07T12:30:46 PKT" skipped="0">
  <testcase classname="api.test.DDTests" name="testPostUser" time="1.278"/>
  <testcase classname="api.test.DDTests" name="testPostUser" time="1.162"/>
  <testcase classname="api.test.DDTests" name="testPostUser" time="2.115"/>
  <testcase classname="api.test.DDTests" name="testDeleteUserByName" time="1.131"/>
  <testcase classname="api.test.DDTests" name="testDeleteUserByName" time="1.165"/>
  <testcase classname="api.test.DDTests" name="testDeleteUserByName" time="1.119"/>
</testsuite> <!-- api.test.DDTests -->
