<?xml version="1.0" encoding="UTF-8"?>
<!-- Generated by org.testng.reporters.JUnitReportReporter -->
<testsuite hostname="DESKTOP-4MKSC1R" failures="0" tests="4" name="api.test.UserTests" time="5.295" errors="0" timestamp="2024-08-07T12:49:34 PKT" skipped="0">
  <testcase classname="api.test.UserTests" name="testPostUser" time="1.067"/>
  <testcase classname="api.test.UserTests" name="testGetUserByName" time="1.074"/>
  <testcase classname="api.test.UserTests" name="testUpdateUser" time="2.116"/>
  <testcase classname="api.test.UserTests" name="testDeleteUserByName" time="1.038"/>
</testsuite> <!-- api.test.UserTests -->
